-------------------------------------------------------------------------------
Test set: tests.BStackSampleTest-OSX-Monterey-Safari-15.6
-------------------------------------------------------------------------------
Tests run: 4, Failures: 0, Errors: 4, Skipped: 0, Time elapsed: 4.022 s <<< FAILURE! - in tests.BStackSampleTest-OSX-Monterey-Safari-15.6
tests.BStackSampleTest-OSX-Monterey-Safari-15.6.singleTest2  Time elapsed: 2.087 s  <<< ERROR!
org.openqa.selenium.SessionNotCreatedException: Could not start a new session. Possible causes are invalid address of the remote server or browser start-up failure.
Caused by: org.openqa.selenium.WebDriverException: 
Automate testing time expired.
Build info: version: '4.1.4', revision: '535d840ee2'
System info: host: 'LIS-5CD411C579', ip: '192.168.1.152', os.name: 'Windows 11', os.arch: 'amd64', os.version: '10.0', java.version: '22.0.1'
Driver info: driver.version: RemoteWebDriver
remote stacktrace: 

tests.BStackSampleTest-Windows-10-Chrome-120.0.singleTest2  Time elapsed: 2.046 s  <<< ERROR!
org.openqa.selenium.SessionNotCreatedException: Could not start a new session. Possible causes are invalid address of the remote server or browser start-up failure.
Caused by: org.openqa.selenium.WebDriverException: 
Automate testing time expired.
Build info: version: '4.1.4', revision: '535d840ee2'
System info: host: 'LIS-5CD411C579', ip: '192.168.1.152', os.name: 'Windows 11', os.arch: 'amd64', os.version: '10.0', java.version: '22.0.1'
Driver info: driver.version: RemoteWebDriver
remote stacktrace: 

tests.BStackSampleTest-Windows-11-Firefox-latest.singleTest2  Time elapsed: 2.259 s  <<< ERROR!
org.openqa.selenium.SessionNotCreatedException: Could not start a new session. Possible causes are invalid address of the remote server or browser start-up failure.
Caused by: org.openqa.selenium.WebDriverException: 
Automate testing time expired.
Build info: version: '4.1.4', revision: '535d840ee2'
System info: host: 'LIS-5CD411C579', ip: '192.168.1.152', os.name: 'Windows 11', os.arch: 'amd64', os.version: '10.0', java.version: '22.0.1'
Driver info: driver.version: RemoteWebDriver
remote stacktrace: 

tests.BStackSampleTest-OSX-Monterey-Safari-15.6.singleTest  Time elapsed: 1.718 s  <<< ERROR!
org.openqa.selenium.SessionNotCreatedException: Could not start a new session. Possible causes are invalid address of the remote server or browser start-up failure.
Caused by: org.openqa.selenium.WebDriverException: 
Automate testing time expired. (WARNING: The server did not provide any stacktrace information)
Command duration or timeout: 1.58 seconds
Build info: version: '4.1.4', revision: '535d840ee2'
System info: host: 'LIS-5CD411C579', ip: '192.168.1.152', os.name: 'Windows 11', os.arch: 'amd64', os.version: '10.0', java.version: '22.0.1'
Driver info: driver.version: RemoteWebDriver

